[     255ms] Error: Minified React error #425; visit https://reactjs.org/docs/error-decoder.html?invariant=425 for the full message or use the non-minified dev environment for full errors and additional helpful warnings.
    at rm (https://www.fotmob.com/_next/static/chunks/framework-a7b6862a2a708c2d.js:1:109096)
    at https://www.fotmob.com/_next/static/chunks/framework-a7b6862a2a708c2d.js:1:172316
    at uD (https://www.fotmob.com/_next/static/chunks/framework-a7b6862a2a708c2d.js:1:175066)
    at uI (https://www.fotmob.com/_next/static/chunks/framework-a7b6862a2a708c2d.js:1:168014)
    at https://www.fotmob.com/_next/static/chunks/framework-a7b6862a2a708c2d.js:1:167821
    at uM (https://www.fotmob.com/_next/static/chunks/framework-a7b6862a2a708c2d.js:1:167828)
    at uS (https://www.fotmob.com/_next/static/chunks/framework-a7b6862a2a708c2d.js:1:162867)
    at x (https://www.fotmob.com/_next/static/chunks/framework-a7b6862a2a708c2d.js:1:206545)
    at MessagePort.R (https://www.fotmob.com/_next/static/chunks/framework-a7b6862a2a708c2d.js:1:207075)
[     255ms] Error: Minified React error #418; visit https://reactjs.org/docs/error-decoder.html?invariant=418 for the full message or use the non-minified dev environment for full errors and additional helpful warnings.
    at ag (https://www.fotmob.com/_next/static/chunks/framework-a7b6862a2a708c2d.js:1:115392)
    at i (https://www.fotmob.com/_next/static/chunks/framework-a7b6862a2a708c2d.js:1:189987)
    at uI (https://www.fotmob.com/_next/static/chunks/framework-a7b6862a2a708c2d.js:1:167954)
    at https://www.fotmob.com/_next/static/chunks/framework-a7b6862a2a708c2d.js:1:167821
    at uM (https://www.fotmob.com/_next/static/chunks/framework-a7b6862a2a708c2d.js:1:167828)
    at uS (https://www.fotmob.com/_next/static/chunks/framework-a7b6862a2a708c2d.js:1:162867)
    at x (https://www.fotmob.com/_next/static/chunks/framework-a7b6862a2a708c2d.js:1:206545)
    at MessagePort.R (https://www.fotmob.com/_next/static/chunks/framework-a7b6862a2a708c2d.js:1:207075)
[     255ms] Error: Minified React error #418; visit https://reactjs.org/docs/error-decoder.html?invariant=418 for the full message or use the non-minified dev environment for full errors and additional helpful warnings.
    at ag (https://www.fotmob.com/_next/static/chunks/framework-a7b6862a2a708c2d.js:1:115392)
    at i (https://www.fotmob.com/_next/static/chunks/framework-a7b6862a2a708c2d.js:1:189987)
    at uI (https://www.fotmob.com/_next/static/chunks/framework-a7b6862a2a708c2d.js:1:167954)
    at https://www.fotmob.com/_next/static/chunks/framework-a7b6862a2a708c2d.js:1:167821
    at uM (https://www.fotmob.com/_next/static/chunks/framework-a7b6862a2a708c2d.js:1:167828)
    at uS (https://www.fotmob.com/_next/static/chunks/framework-a7b6862a2a708c2d.js:1:162867)
    at x (https://www.fotmob.com/_next/static/chunks/framework-a7b6862a2a708c2d.js:1:206545)
    at MessagePort.R (https://www.fotmob.com/_next/static/chunks/framework-a7b6862a2a708c2d.js:1:207075)
[     255ms] Error: Minified React error #418; visit https://reactjs.org/docs/error-decoder.html?invariant=418 for the full message or use the non-minified dev environment for full errors and additional helpful warnings.
    at ag (https://www.fotmob.com/_next/static/chunks/framework-a7b6862a2a708c2d.js:1:115392)
    at i (https://www.fotmob.com/_next/static/chunks/framework-a7b6862a2a708c2d.js:1:189987)
    at uI (https://www.fotmob.com/_next/static/chunks/framework-a7b6862a2a708c2d.js:1:167954)
    at https://www.fotmob.com/_next/static/chunks/framework-a7b6862a2a708c2d.js:1:167821
    at uM (https://www.fotmob.com/_next/static/chunks/framework-a7b6862a2a708c2d.js:1:167828)
    at uS (https://www.fotmob.com/_next/static/chunks/framework-a7b6862a2a708c2d.js:1:162867)
    at x (https://www.fotmob.com/_next/static/chunks/framework-a7b6862a2a708c2d.js:1:206545)
    at MessagePort.R (https://www.fotmob.com/_next/static/chunks/framework-a7b6862a2a708c2d.js:1:207075)
[     255ms] Error: Minified React error #418; visit https://reactjs.org/docs/error-decoder.html?invariant=418 for the full message or use the non-minified dev environment for full errors and additional helpful warnings.
    at ag (https://www.fotmob.com/_next/static/chunks/framework-a7b6862a2a708c2d.js:1:115392)
    at i (https://www.fotmob.com/_next/static/chunks/framework-a7b6862a2a708c2d.js:1:189987)
    at uI (https://www.fotmob.com/_next/static/chunks/framework-a7b6862a2a708c2d.js:1:167954)
    at https://www.fotmob.com/_next/static/chunks/framework-a7b6862a2a708c2d.js:1:167821
    at uM (https://www.fotmob.com/_next/static/chunks/framework-a7b6862a2a708c2d.js:1:167828)
    at uS (https://www.fotmob.com/_next/static/chunks/framework-a7b6862a2a708c2d.js:1:162867)
    at x (https://www.fotmob.com/_next/static/chunks/framework-a7b6862a2a708c2d.js:1:206545)
    at MessagePort.R (https://www.fotmob.com/_next/static/chunks/framework-a7b6862a2a708c2d.js:1:207075)
[     255ms] Error: Minified React error #418; visit https://reactjs.org/docs/error-decoder.html?invariant=418 for the full message or use the non-minified dev environment for full errors and additional helpful warnings.
    at ag (https://www.fotmob.com/_next/static/chunks/framework-a7b6862a2a708c2d.js:1:115392)
    at i (https://www.fotmob.com/_next/static/chunks/framework-a7b6862a2a708c2d.js:1:189987)
    at uI (https://www.fotmob.com/_next/static/chunks/framework-a7b6862a2a708c2d.js:1:167954)
    at https://www.fotmob.com/_next/static/chunks/framework-a7b6862a2a708c2d.js:1:167821
    at uM (https://www.fotmob.com/_next/static/chunks/framework-a7b6862a2a708c2d.js:1:167828)
    at uS (https://www.fotmob.com/_next/static/chunks/framework-a7b6862a2a708c2d.js:1:162867)
    at x (https://www.fotmob.com/_next/static/chunks/framework-a7b6862a2a708c2d.js:1:206545)
    at MessagePort.R (https://www.fotmob.com/_next/static/chunks/framework-a7b6862a2a708c2d.js:1:207075)
[     256ms] Error: Minified React error #418; visit https://reactjs.org/docs/error-decoder.html?invariant=418 for the full message or use the non-minified dev environment for full errors and additional helpful warnings.
    at ag (https://www.fotmob.com/_next/static/chunks/framework-a7b6862a2a708c2d.js:1:115392)
    at i (https://www.fotmob.com/_next/static/chunks/framework-a7b6862a2a708c2d.js:1:189987)
    at uI (https://www.fotmob.com/_next/static/chunks/framework-a7b6862a2a708c2d.js:1:167954)
    at https://www.fotmob.com/_next/static/chunks/framework-a7b6862a2a708c2d.js:1:167821
    at uM (https://www.fotmob.com/_next/static/chunks/framework-a7b6862a2a708c2d.js:1:167828)
    at uS (https://www.fotmob.com/_next/static/chunks/framework-a7b6862a2a708c2d.js:1:162867)
    at x (https://www.fotmob.com/_next/static/chunks/framework-a7b6862a2a708c2d.js:1:206545)
    at MessagePort.R (https://www.fotmob.com/_next/static/chunks/framework-a7b6862a2a708c2d.js:1:207075)
[     256ms] Error: Minified React error #418; visit https://reactjs.org/docs/error-decoder.html?invariant=418 for the full message or use the non-minified dev environment for full errors and additional helpful warnings.
    at ag (https://www.fotmob.com/_next/static/chunks/framework-a7b6862a2a708c2d.js:1:115392)
    at i (https://www.fotmob.com/_next/static/chunks/framework-a7b6862a2a708c2d.js:1:189987)
    at uI (https://www.fotmob.com/_next/static/chunks/framework-a7b6862a2a708c2d.js:1:167954)
    at https://www.fotmob.com/_next/static/chunks/framework-a7b6862a2a708c2d.js:1:167821
    at uM (https://www.fotmob.com/_next/static/chunks/framework-a7b6862a2a708c2d.js:1:167828)
    at uS (https://www.fotmob.com/_next/static/chunks/framework-a7b6862a2a708c2d.js:1:162867)
    at x (https://www.fotmob.com/_next/static/chunks/framework-a7b6862a2a708c2d.js:1:206545)
    at MessagePort.R (https://www.fotmob.com/_next/static/chunks/framework-a7b6862a2a708c2d.js:1:207075)
[     256ms] Error: Minified React error #418; visit https://reactjs.org/docs/error-decoder.html?invariant=418 for the full message or use the non-minified dev environment for full errors and additional helpful warnings.
    at ag (https://www.fotmob.com/_next/static/chunks/framework-a7b6862a2a708c2d.js:1:115392)
    at i (https://www.fotmob.com/_next/static/chunks/framework-a7b6862a2a708c2d.js:1:189987)
    at uI (https://www.fotmob.com/_next/static/chunks/framework-a7b6862a2a708c2d.js:1:167954)
    at https://www.fotmob.com/_next/static/chunks/framework-a7b6862a2a708c2d.js:1:167821
    at uM (https://www.fotmob.com/_next/static/chunks/framework-a7b6862a2a708c2d.js:1:167828)
    at uS (https://www.fotmob.com/_next/static/chunks/framework-a7b6862a2a708c2d.js:1:162867)
    at x (https://www.fotmob.com/_next/static/chunks/framework-a7b6862a2a708c2d.js:1:206545)
    at MessagePort.R (https://www.fotmob.com/_next/static/chunks/framework-a7b6862a2a708c2d.js:1:207075)
[     256ms] Error: Minified React error #423; visit https://reactjs.org/docs/error-decoder.html?invariant=423 for the full message or use the non-minified dev environment for full errors and additional helpful warnings.
    at i (https://www.fotmob.com/_next/static/chunks/framework-a7b6862a2a708c2d.js:1:189656)
    at uI (https://www.fotmob.com/_next/static/chunks/framework-a7b6862a2a708c2d.js:1:167954)
    at https://www.fotmob.com/_next/static/chunks/framework-a7b6862a2a708c2d.js:1:167821
    at uM (https://www.fotmob.com/_next/static/chunks/framework-a7b6862a2a708c2d.js:1:167828)
    at ux (https://www.fotmob.com/_next/static/chunks/framework-a7b6862a2a708c2d.js:1:164580)
    at uS (https://www.fotmob.com/_next/static/chunks/framework-a7b6862a2a708c2d.js:1:163135)
    at x (https://www.fotmob.com/_next/static/chunks/framework-a7b6862a2a708c2d.js:1:206545)
    at MessagePort.R (https://www.fotmob.com/_next/static/chunks/framework-a7b6862a2a708c2d.js:1:207075)
[     328ms] [WARNING] AdSense head tag doesn't support data-nscript attribute. @ https://www.fotmob.com/_next/static/chunks/pages/_app-ebee00a411c36c31.js:5
[     340ms] [WARNING] [GPT] PubAdsService.disableInitialLoad is deprecated, use googletag.setConfig({disableInitialLoad: ...}) instead.
https://goo.gle/gpt-message#170 @ https://www.fotmob.com/_next/static/chunks/pages/_app-ebee00a411c36c31.js:5
[     408ms] [ERROR] Not signed in with the identity provider. @ https://www.fotmob.com/teams/6715/fixtures/japan:0
[    1415ms] [ERROR] Attestation check for Shared Storage on https://www.googleadservices.com failed. @ https://www.googleadservices.com/pagead/managed/js/activeview/current/reach_worklet.html:0
[    6282ms] [ERROR] Failed to load resource: net::ERR_CONNECTION_RESET @ https://pxl.iqm.com/i/ck/equativ?cid=SMART_USER_ID&redir=https%3A%2F%2Frtb-csync.smartadserver.com%2Fredir%2F%3Fissi%3D1%26partnerid%3D154%26partneruserid%3D%7BIQM_COOKIE%7D&gdpr=0&gdpr_consent=:0
[   36923ms] [ERROR] [GSI_LOGGER]: FedCM get() rejects with NetworkError: Error retrieving a token. @ https://www.fotmob.com/_next/static/chunks/pages/_app-ebee00a411c36c31.js:5
